<?xml version="1.0" encoding="UTF-8"?>
<testsuite name="ReqResTests" tests="1" skipped="0" failures="0" errors="0" timestamp="2021-07-14T18:44:58" hostname="CHARLITO-PC" time="1.886">
  <properties/>
  <testcase name="loginTest()" classname="ReqResTests" time="1.886"/>
  <system-out><![CDATA[Request method:	POST
Request URI:	https://reqres.in/api/login
Proxy:			<none>
Request params:	<none>
Query params:	<none>
Form params:	<none>
Path params:	<none>
Headers:		Accept=*/*
				Content-Type=application/json
Cookies:		<none>
Multiparts:		<none>
Body:
{
    "email": "eve.holt@reqres.in",
    "password": "cityslicka"
}
HTTP/1.1 200 OK
Date: Wed, 14 Jul 2021 18:45:00 GMT
Content-Type: application/json; charset=utf-8
Content-Length: 29
Connection: keep-alive
X-Powered-By: Express
Access-Control-Allow-Origin: *
Etag: W/"1d-lGCrvD6B7Qzk11+2C98+nGhhuec"
Via: 1.1 vegur
CF-Cache-Status: DYNAMIC
Expect-CT: max-age=604800, report-uri="https://report-uri.cloudflare.com/cdn-cgi/beacon/expect-ct"
Report-To: {"endpoints":[{"url":"https:\/\/a.nel.cloudflare.com\/report\/v3?s=ibivWqXzFhjWc1cxx4Jv4haCFGxBcJuq33p3sG0%2F4N4ZetowwwIgptMdcFI7FkLz5As4qLmXPyQ9kYOV4UkRbyXA9rwZs%2B1M2FrjlsP%2BiygjjPXlq8hrrRixJPk%3D"}],"group":"cf-nel","max_age":604800}
NEL: {"report_to":"cf-nel","max_age":604800}
Server: cloudflare
CF-RAY: 66ece7d6add4097d-MIA
alt-svc: h3-27=":443"; ma=86400, h3-28=":443"; ma=86400, h3-29=":443"; ma=86400, h3=":443"; ma=86400

{
    "token": "QpwL5tke4Pnpja7X4"
}
{"token":"QpwL5tke4Pnpja7X4"}
]]></system-out>
  <system-err><![CDATA[]]></system-err>
</testsuite>
